<?xml version="1.0" encoding="UTF-8"?>
<!-- Generated by org.testng.reporters.JUnitXMLReporter -->
<testsuite ignored="0" hostname="Noors-MacBook-Pro.local" failures="0" tests="3" name="Surefire test" time="22.339" errors="0" timestamp="2022-10-29T23:01:19 WIB">
  <testcase classname="com.todo.qacart.testcases.LoginTest" name="ShouldBeAbleToLoginWithEmailAndPassword" time="9.441"/>
  <testcase classname="com.todo.qacart.testcases.ToDoTest" name="ShouldItemBeDelete" time="12.701"/>
  <testcase classname="com.todo.qacart.testcases.ToDoTest" name="ShouldAddNewToDo" time="17.921"/>
</testsuite> <!-- Surefire test -->
