<?xml version="1.0" encoding="UTF-8"?>
<testng-results ignored="0" total="3" passed="3" failed="0" skipped="0">
  <reporter-output>
  </reporter-output>
  <suite started-at="2022-10-29T23:00:57 WIB" name="Surefire suite" finished-at="2022-10-29T23:01:19 WIB" duration-ms="22339">
    <groups>
    </groups>
    <test started-at="2022-10-29T23:00:57 WIB" name="Surefire test" finished-at="2022-10-29T23:01:19 WIB" duration-ms="22339">
      <class name="com.todo.qacart.testcases.ToDoTest">
        <test-method is-config="true" signature="setup()[pri:0, instance:com.todo.qacart.testcases.ToDoTest@7207cb51]" started-at="2022-10-29T23:00:57 WIB" name="setup" finished-at="2022-10-29T23:01:01 WIB" duration-ms="3928" status="PASS">
          <reporter-output>
          </reporter-output>
        </test-method> <!-- setup -->
        <test-method is-config="true" signature="setup()[pri:0, instance:com.todo.qacart.testcases.ToDoTest@7207cb51]" started-at="2022-10-29T23:00:57 WIB" name="setup" finished-at="2022-10-29T23:01:03 WIB" duration-ms="6538" status="PASS">
          <reporter-output>
          </reporter-output>
        </test-method> <!-- setup -->
        <test-method signature="ShouldAddNewToDo()[pri:0, instance:com.todo.qacart.testcases.ToDoTest@7207cb51]" started-at="2022-10-29T23:01:01 WIB" name="ShouldAddNewToDo" description="Should be able to add todo correctly" finished-at="2022-10-29T23:01:19 WIB" duration-ms="17921" status="PASS">
          <reporter-output>
          </reporter-output>
        </test-method> <!-- ShouldAddNewToDo -->
        <test-method signature="ShouldItemBeDelete()[pri:0, instance:com.todo.qacart.testcases.ToDoTest@7207cb51]" started-at="2022-10-29T23:01:03 WIB" name="ShouldItemBeDelete" description="Should be able to delete todo correctly" finished-at="2022-10-29T23:01:16 WIB" duration-ms="12701" status="PASS">
          <reporter-output>
          </reporter-output>
        </test-method> <!-- ShouldItemBeDelete -->
        <test-method is-config="true" signature="teardown(org.testng.ITestResult)[pri:0, instance:com.todo.qacart.testcases.ToDoTest@7207cb51]" started-at="2022-10-29T23:01:16 WIB" name="teardown" finished-at="2022-10-29T23:01:17 WIB" duration-ms="481" status="PASS">
          <params>
            <param index="0">
              <value>
                <![CDATA[[TestResult name=ShouldItemBeDelete status=SUCCESS method=ToDoTest.ShouldItemBeDelete()[pri:0, instance:com.todo.qacart.testcases.ToDoTest@7207cb51] output={null}]]]>
              </value>
            </param>
          </params>
          <reporter-output>
          </reporter-output>
        </test-method> <!-- teardown -->
        <test-method is-config="true" signature="teardown(org.testng.ITestResult)[pri:0, instance:com.todo.qacart.testcases.ToDoTest@7207cb51]" started-at="2022-10-29T23:01:19 WIB" name="teardown" finished-at="2022-10-29T23:01:19 WIB" duration-ms="386" status="PASS">
          <params>
            <param index="0">
              <value>
                <![CDATA[[TestResult name=ShouldAddNewToDo status=SUCCESS method=ToDoTest.ShouldAddNewToDo()[pri:0, instance:com.todo.qacart.testcases.ToDoTest@7207cb51] output={null}]]]>
              </value>
            </param>
          </params>
          <reporter-output>
          </reporter-output>
        </test-method> <!-- teardown -->
      </class> <!-- com.todo.qacart.testcases.ToDoTest -->
      <class name="com.todo.qacart.testcases.LoginTest">
        <test-method is-config="true" signature="setup()[pri:0, instance:com.todo.qacart.testcases.LoginTest@65fd6708]" started-at="2022-10-29T23:00:57 WIB" name="setup" finished-at="2022-10-29T23:01:01 WIB" duration-ms="3928" status="PASS">
          <reporter-output>
          </reporter-output>
        </test-method> <!-- setup -->
        <test-method signature="ShouldBeAbleToLoginWithEmailAndPassword()[pri:0, instance:com.todo.qacart.testcases.LoginTest@65fd6708]" started-at="2022-10-29T23:01:01 WIB" name="ShouldBeAbleToLoginWithEmailAndPassword" description="Test the login functionality using email &amp; password" finished-at="2022-10-29T23:01:10 WIB" duration-ms="9441" status="PASS">
          <reporter-output>
          </reporter-output>
        </test-method> <!-- ShouldBeAbleToLoginWithEmailAndPassword -->
        <test-method is-config="true" signature="teardown(org.testng.ITestResult)[pri:0, instance:com.todo.qacart.testcases.LoginTest@65fd6708]" started-at="2022-10-29T23:01:10 WIB" name="teardown" finished-at="2022-10-29T23:01:11 WIB" duration-ms="380" status="PASS">
          <params>
            <param index="0">
              <value>
                <![CDATA[[TestResult name=ShouldBeAbleToLoginWithEmailAndPassword status=SUCCESS method=LoginTest.ShouldBeAbleToLoginWithEmailAndPassword()[pri:0, instance:com.todo.qacart.testcases.LoginTest@65fd6708] output={null}]]]>
              </value>
            </param>
          </params>
          <reporter-output>
          </reporter-output>
        </test-method> <!-- teardown -->
      </class> <!-- com.todo.qacart.testcases.LoginTest -->
    </test> <!-- Surefire test -->
  </suite> <!-- Surefire suite -->
</testng-results>
