<?xml version="1.0" encoding="UTF-8"?>
<testsuite xmlns:xsi="http://www.w3.org/2001/XMLSchema-instance" xsi:noNamespaceSchemaLocation="https://maven.apache.org/surefire/maven-surefire-plugin/xsd/surefire-test-report-3.0.xsd" version="3.0" name="TestSuite" time="22.84" tests="3" errors="0" skipped="0" failures="0">
  <properties>
[...]
</properties>
  <testcase name="ShouldBeAbleToLoginWithEmailAndPassword" classname="com.todo.qacart.testcases.LoginTest" time="6.903">
    <system-out><![CDATA[Request method:	POST
Request URI:	https://qacart-todo.herokuapp.com/api/v1/users/register
Proxy:			<none>
Request params:	<none>
Query params:	<none>
Form params:	<none>
Path params:	<none>
Headers:		Accept=*/*
				Content-Type=application/json
Cookies:		<none>
Multiparts:		<none>
Body:
{
    "firstName": "Magan",
    "lastName": "Schimmel",
    "email": "alphonse.abshire@yahoo.com",
    "password": "ddxdbc27s0m554n"
}
Request method:	POST
Request URI:	https://qacart-todo.herokuapp.com/api/v1/users/register
Proxy:			<none>
Request params:	<none>
Query params:	<none>
Form params:	<none>
Path params:	<none>
Headers:		Accept=*/*
				Content-Type=application/json
Cookies:		<none>
Multiparts:		<none>
Body:
{
    "firstName": "Kathyrn",
    "lastName": "Zboncak",
    "email": "forest.hermiston@gmail.com",
    "password": "ns5k52uu8no"
}
HTTP/1.1 201 Created
Server: Cowboy
Connection: keep-alive
X-Powered-By: Express
Access-Control-Allow-Origin: *
Set-Cookie: access_token=eyJhbGciOiJIUzI1NiIsInR5cCI6IkpXVCJ9.eyJpZCI6IjYzNWQ0ZTQwYTMwY2MyMDAxNjY1ZThkYiIsImZpcnN0TmFtZSI6Ik1hZ2FuIiwibGFzdE5hbWUiOiJTY2hpbW1lbCIsImlhdCI6MTY2NzA1OTI2NH0.Jl7l7Jw6jfwnFJ_LXtb1nTYLaKmMDIDVQ2m2AqkiZ_c; Path=/
Set-Cookie: userID=j%3A%22635d4e40a30cc2001665e8db%22; Path=/
Set-Cookie: firstName=Magan; Path=/
Content-Type: application/json; charset=utf-8
Content-Length: 279
Etag: W/"117-1ZHiNq+6rXuGc8MxdKyYaeCaPWQ"
Date: Sat, 29 Oct 2022 16:01:04 GMT
Via: 1.1 vegur

{
    "access_token": "eyJhbGciOiJIUzI1NiIsInR5cCI6IkpXVCJ9.eyJpZCI6IjYzNWQ0ZTQwYTMwY2MyMDAxNjY1ZThkYiIsImZpcnN0TmFtZSI6Ik1hZ2FuIiwibGFzdE5hbWUiOiJTY2hpbW1lbCIsImlhdCI6MTY2NzA1OTI2NH0.Jl7l7Jw6jfwnFJ_LXtb1nTYLaKmMDIDVQ2m2AqkiZ_c",
    "userID": "635d4e40a30cc2001665e8db",
    "firstName": "Magan"
}
HTTP/1.1 201 Created
Server: Cowboy
Connection: keep-alive
X-Powered-By: Express
Access-Control-Allow-Origin: *
Set-Cookie: access_token=eyJhbGciOiJIUzI1NiIsInR5cCI6IkpXVCJ9.eyJpZCI6IjYzNWQ0ZTQxYTMwY2MyMDAxNjY1ZThkZSIsImZpcnN0TmFtZSI6IkthdGh5cm4iLCJsYXN0TmFtZSI6Ilpib25jYWsiLCJpYXQiOjE2NjcwNTkyNjV9.D8fo6UDDbp4Hk2AjxqMeGtIygYLzqoz8JHUffSOP39I; Path=/
Set-Cookie: userID=j%3A%22635d4e41a30cc2001665e8de%22; Path=/
Set-Cookie: firstName=Kathyrn; Path=/
Content-Type: application/json; charset=utf-8
Content-Length: 282
Etag: W/"11a-gh/ZJQiB0Hv7hbB7do3zqiS7z7k"
Date: Sat, 29 Oct 2022 16:01:05 GMT
Via: 1.1 vegur

{
    "access_token": "eyJhbGciOiJIUzI1NiIsInR5cCI6IkpXVCJ9.eyJpZCI6IjYzNWQ0ZTQxYTMwY2MyMDAxNjY1ZThkZSIsImZpcnN0TmFtZSI6IkthdGh5cm4iLCJsYXN0TmFtZSI6Ilpib25jYWsiLCJpYXQiOjE2NjcwNTkyNjV9.D8fo6UDDbp4Hk2AjxqMeGtIygYLzqoz8JHUffSOP39I",
    "userID": "635d4e41a30cc2001665e8de",
    "firstName": "Kathyrn"
}
HTTP/1.1 201 Created
Server: Cowboy
Connection: keep-alive
X-Powered-By: Express
Access-Control-Allow-Origin: *
Content-Type: application/json; charset=utf-8
Content-Length: 161
Etag: W/"a1-GbNKcK4V82Oc5xgKWCzCL9pYN2o"
Date: Sat, 29 Oct 2022 16:01:06 GMT
Via: 1.1 vegur

{
    "isCompleted": false,
    "_id": "635d4e42a30cc2001665e8e0",
    "item": "Learn Selenium",
    "userID": "635d4e41a30cc2001665e8de",
    "createdAt": "2022-10-29T16:01:06.843Z",
    "__v": 0
}
]]></system-out>
    <system-err><![CDATA[SLF4J: Failed to load class "org.slf4j.impl.StaticLoggerBinder".
SLF4J: Defaulting to no-operation (NOP) logger implementation
SLF4J: See http://www.slf4j.org/codes.html#StaticLoggerBinder for further details.
SSSttaatrrtatriitnniggn  gCC hhCrrhoormmoeemDDerrDiirvvieerv re1 r01 601.600.6.0.5.025.425942.949..666111   (((555111117175755355355854844594595c5d553ced32e6423767479b75a9fb0adf5d03d8d2318822a142d4a04-dr04e-frse/fbsr/9abrncha-nhc5head-hs5e/a5d2sc/d49@5{#5629})3 4one 2p6o94r7t7 96b@2af806d9{d3
82O1n2lay4 dl0o-craelf sc/obnrnaenccthi#-ohnesa da5sr/e5 2a469llo}wed9.@
{P#l5e6a9se} )s eone  photrttp s64:0/5/2c
hrOnly locoalm ecdorninveecrt.ico)hnrsomi  uamr.eo ragl/olsoewceudnr.i
tPy- cponoslrite 583dea66
rsaOtnioen ss efeolr  hstutgpgsest:i/o/ncsh roonm ekederyipvienrg . CchhrrolmoemDiruimvo.eorr sgafe.
/cal cosnenceucrtiitony-s arce alloowedn.
Plseasei seed httpes://crhromedartiivoenrs. cfhorro msiuum.ogrgestions ong keepi/ng ChsromeDreicvuerri tsya-fceo.n
siderations for suggestions on keeping ChromeDriver safe.
CChChrroommeeDDrriivveerr w hwaass  ssttararrtteedd  sosuucccceesssmsffeuDlrliyv.e
r uwlalsy .s
tarted successfully.
Oct 29, 2022 11:01:01 PM org.openqa.selenium.remote.ProtocolHandshake createSession
INFO: Detected upstream dialect: W3C
Oct 29, 2022 11:01:01 PM org.openqa.selenium.remote.ProtocolHandshake createSession
INFO: Detected upstream dialect: W3C
Oct 29, 2022 11:01:01 PM org.openqa.selenium.devtools.CdpVersionFinder findNearestMatch
WARNING: Unable to find an exact match for CDP version 106, so returning the closest version found: 104
Oct 29, 2022 11:01:01 PM org.openqa.selenium.devtools.CdpVersionFinder findNearestMatch
WARNING: Unable to find an exact match for CDP version 106, so returning the closest version found: 104
Oct 29, 2022 11:01:01 PM org.openqa.selenium.devtools.CdpVersionFinder findNearestMatch
INFO: Found CDP implementation for version 106 of 104
Oct 29, 2022 11:01:01 PM org.openqa.selenium.devtools.CdpVersionFinder findNearestMatch
INFO: Found CDP implementation for version 106 of 104
Oct 29, 2022 11:01:03 PM org.openqa.selenium.remote.ProtocolHandshake createSession
INFO: Detected upstream dialect: W3C
Oct 29, 2022 11:01:03 PM org.openqa.selenium.devtools.CdpVersionFinder findNearestMatch
WARNING: Unable to find an exact match for CDP version 106, so returning the closest version found: 104
Oct 29, 2022 11:01:03 PM org.openqa.selenium.devtools.CdpVersionFinder findNearestMatch
INFO: Found CDP implementation for version 106 of 104
]]></system-err>
  </testcase>
  <testcase name="ShouldItemBeDelete" classname="com.todo.qacart.testcases.ToDoTest" time="12.701"/>
  <testcase name="ShouldAddNewToDo" classname="com.todo.qacart.testcases.ToDoTest" time="15.374"/>
</testsuite>